2025-06-19 09:50:47 - MT5_EA - INFO - Starting Python Multi-Symbol/Multi-Strategy Expert Advisor
2025-06-19 09:50:47 - MT5_EA - INFO - Initializing MT5 connection...
2025-06-19 09:50:47 - MT5_EA - INFO - MT5 connection successful to account 93083332.
2025-06-19 09:50:47 - MT5_EA - INFO - Initializing strategies and risk managers for each symbol...
2025-06-19 09:50:47 - MT5_EA - ERROR - Configuration error for symbol 'EURUSD': Missing key 'EURUSD'. This symbol will be skipped.
2025-06-19 09:50:47 - MT5_EA - ERROR - Configuration error for symbol 'USDJPY': Missing key 'USDJPY'. This symbol will be skipped.
2025-06-19 09:50:47 - MT5_EA - ERROR - Configuration error for symbol 'AUDCAD': Missing key 'AUDCAD'. This symbol will be skipped.
2025-06-19 09:50:47 - MT5_EA - ERROR - Configuration error for symbol 'EURGBP': Missing key 'EURGBP'. This symbol will be skipped.
2025-06-19 09:50:47 - MT5_EA - ERROR - Configuration error for symbol 'NZDJPY': Missing key 'NZDJPY'. This symbol will be skipped.
2025-06-19 09:50:47 - MT5_EA - INFO - EA configured to trade symbols: []
2025-06-19 09:50:47 - MT5_EA - INFO - -------------------- New Trading Cycle --------------------
2025-06-19 09:50:47 - MT5_EA - INFO - Cycle complete. Sleeping for 30 seconds...
2025-06-19 09:51:17 - MT5_EA - INFO - -------------------- New Trading Cycle --------------------
2025-06-19 09:51:17 - MT5_EA - INFO - Cycle complete. Sleeping for 30 seconds...
2025-06-19 09:51:28 - MT5_EA - INFO - EA stopped by user.
2025-06-19 09:51:28 - MT5_EA - INFO - Shutting down MT5 connection.
2025-06-19 09:51:28 - MT5_EA - INFO - Python Expert Advisor has been shut down.
2025-06-19 09:51:33 - MT5_EA - INFO - Starting Python Multi-Symbol/Multi-Strategy Expert Advisor
2025-06-19 09:51:33 - MT5_EA - INFO - Initializing MT5 connection...
2025-06-19 09:51:33 - MT5_EA - INFO - MT5 connection successful to account 93083332.
2025-06-19 09:51:33 - MT5_EA - INFO - Initializing strategies and risk managers for each symbol...
2025-06-19 09:51:33 - MT5_EA - ERROR - Configuration error for symbol 'EURUSD': Missing key 'EURUSD'. This symbol will be skipped.
2025-06-19 09:51:33 - MT5_EA - INFO - EA configured to trade symbols: []
2025-06-19 09:51:33 - MT5_EA - INFO - -------------------- New Trading Cycle --------------------
2025-06-19 09:51:33 - MT5_EA - INFO - Cycle complete. Sleeping for 30 seconds...
2025-06-19 09:52:03 - MT5_EA - INFO - -------------------- New Trading Cycle --------------------
2025-06-19 09:52:03 - MT5_EA - INFO - Cycle complete. Sleeping for 30 seconds...
2025-06-19 09:52:33 - MT5_EA - INFO - -------------------- New Trading Cycle --------------------
2025-06-19 09:52:33 - MT5_EA - INFO - Cycle complete. Sleeping for 30 seconds...
2025-06-19 09:53:03 - MT5_EA - INFO - -------------------- New Trading Cycle --------------------
2025-06-19 09:53:03 - MT5_EA - INFO - Cycle complete. Sleeping for 30 seconds...
2025-06-19 09:53:33 - MT5_EA - INFO - -------------------- New Trading Cycle --------------------
2025-06-19 09:53:33 - MT5_EA - INFO - Cycle complete. Sleeping for 30 seconds...
2025-06-19 09:54:03 - MT5_EA - INFO - -------------------- New Trading Cycle --------------------
2025-06-19 09:54:03 - MT5_EA - INFO - Cycle complete. Sleeping for 30 seconds...
2025-06-19 09:54:33 - MT5_EA - INFO - -------------------- New Trading Cycle --------------------
2025-06-19 09:54:33 - MT5_EA - INFO - Cycle complete. Sleeping for 30 seconds...
2025-06-19 09:55:03 - MT5_EA - INFO - -------------------- New Trading Cycle --------------------
2025-06-19 09:55:03 - MT5_EA - INFO - Cycle complete. Sleeping for 30 seconds...
2025-06-19 09:55:33 - MT5_EA - INFO - -------------------- New Trading Cycle --------------------
2025-06-19 09:55:33 - MT5_EA - INFO - Cycle complete. Sleeping for 30 seconds...
2025-06-19 09:56:03 - MT5_EA - INFO - -------------------- New Trading Cycle --------------------
2025-06-19 09:56:03 - MT5_EA - INFO - Cycle complete. Sleeping for 30 seconds...
2025-06-19 09:56:33 - MT5_EA - INFO - -------------------- New Trading Cycle --------------------
2025-06-19 09:56:33 - MT5_EA - INFO - Cycle complete. Sleeping for 30 seconds...
2025-06-19 09:57:03 - MT5_EA - INFO - -------------------- New Trading Cycle --------------------
2025-06-19 09:57:03 - MT5_EA - INFO - Cycle complete. Sleeping for 30 seconds...
2025-06-19 09:57:10 - MT5_EA - INFO - EA stopped by user.
2025-06-19 09:57:10 - MT5_EA - INFO - Shutting down MT5 connection.
2025-06-19 09:57:10 - MT5_EA - INFO - Python Expert Advisor has been shut down.
2025-06-19 09:58:52 - MT5_EA - INFO - Starting Python Multi-Symbol/Multi-Strategy Expert Advisor
2025-06-19 09:58:52 - MT5_EA - INFO - Initializing MT5 connection...
2025-06-19 09:58:52 - MT5_EA - INFO - MT5 connection successful to account 93083332.
2025-06-19 09:58:52 - MT5_EA - INFO - Initializing strategies and risk managers for each symbol...
2025-06-19 09:58:52 - MT5_EA - ERROR - Could not get info for EUR_USD. It will be skipped.
2025-06-19 09:58:52 - MT5_EA - INFO - EA configured to trade symbols: []
2025-06-19 09:58:52 - MT5_EA - INFO - -------------------- New Trading Cycle --------------------
2025-06-19 09:58:52 - MT5_EA - INFO - Cycle complete. Sleeping for 30 seconds...
2025-06-19 09:59:22 - MT5_EA - INFO - -------------------- New Trading Cycle --------------------
2025-06-19 09:59:22 - MT5_EA - INFO - Cycle complete. Sleeping for 30 seconds...
2025-06-19 09:59:52 - MT5_EA - INFO - -------------------- New Trading Cycle --------------------
2025-06-19 09:59:52 - MT5_EA - INFO - Cycle complete. Sleeping for 30 seconds...
2025-06-19 10:00:22 - MT5_EA - INFO - -------------------- New Trading Cycle --------------------
2025-06-19 10:00:22 - MT5_EA - INFO - Cycle complete. Sleeping for 30 seconds...
2025-06-19 10:00:52 - MT5_EA - INFO - -------------------- New Trading Cycle --------------------
2025-06-19 10:00:52 - MT5_EA - INFO - Cycle complete. Sleeping for 30 seconds...
2025-06-19 10:01:22 - MT5_EA - INFO - -------------------- New Trading Cycle --------------------
2025-06-19 10:01:22 - MT5_EA - INFO - Cycle complete. Sleeping for 30 seconds...
2025-06-19 10:01:52 - MT5_EA - INFO - -------------------- New Trading Cycle --------------------
2025-06-19 10:01:52 - MT5_EA - INFO - Cycle complete. Sleeping for 30 seconds...
2025-06-19 10:02:22 - MT5_EA - INFO - -------------------- New Trading Cycle --------------------
2025-06-19 10:02:22 - MT5_EA - INFO - Cycle complete. Sleeping for 30 seconds...
2025-06-19 10:02:52 - MT5_EA - INFO - -------------------- New Trading Cycle --------------------
2025-06-19 10:02:52 - MT5_EA - INFO - Cycle complete. Sleeping for 30 seconds...
2025-06-19 10:03:22 - MT5_EA - INFO - -------------------- New Trading Cycle --------------------
2025-06-19 10:03:22 - MT5_EA - INFO - Cycle complete. Sleeping for 30 seconds...
2025-06-19 10:03:52 - MT5_EA - INFO - -------------------- New Trading Cycle --------------------
2025-06-19 10:03:52 - MT5_EA - INFO - Cycle complete. Sleeping for 30 seconds...
2025-06-19 10:04:22 - MT5_EA - INFO - -------------------- New Trading Cycle --------------------
2025-06-19 10:04:22 - MT5_EA - INFO - Cycle complete. Sleeping for 30 seconds...
2025-06-19 10:04:52 - MT5_EA - INFO - -------------------- New Trading Cycle --------------------
2025-06-19 10:04:52 - MT5_EA - INFO - Cycle complete. Sleeping for 30 seconds...
2025-06-19 10:05:22 - MT5_EA - INFO - -------------------- New Trading Cycle --------------------
2025-06-19 10:05:22 - MT5_EA - INFO - Cycle complete. Sleeping for 30 seconds...
2025-06-19 10:05:52 - MT5_EA - INFO - -------------------- New Trading Cycle --------------------
2025-06-19 10:05:52 - MT5_EA - INFO - Cycle complete. Sleeping for 30 seconds...
2025-06-19 10:06:10 - MT5_EA - INFO - EA stopped by user.
2025-06-19 10:06:10 - MT5_EA - INFO - Shutting down MT5 connection.
2025-06-19 10:06:10 - MT5_EA - INFO - Python Expert Advisor has been shut down.
2025-06-19 10:06:19 - MT5_EA - INFO - Starting Python Multi-Symbol/Multi-Strategy Expert Advisor
2025-06-19 10:06:19 - MT5_EA - INFO - Initializing MT5 connection...
2025-06-19 10:06:19 - MT5_EA - INFO - MT5 connection successful to account 93083332.
2025-06-19 10:06:19 - MT5_EA - INFO - Initializing strategies and risk managers for each symbol...
2025-06-19 10:06:19 - MT5_EA - ERROR - Could not get info for EUR_USD. It will be skipped.
2025-06-19 10:06:19 - MT5_EA - ERROR - Could not get info for USD_JPY. It will be skipped.
2025-06-19 10:06:19 - MT5_EA - INFO - EA configured to trade symbols: []
2025-06-19 10:06:19 - MT5_EA - INFO - -------------------- New Trading Cycle --------------------
2025-06-19 10:06:19 - MT5_EA - INFO - Cycle complete. Sleeping for 30 seconds...
2025-06-19 10:06:49 - MT5_EA - INFO - -------------------- New Trading Cycle --------------------
2025-06-19 10:06:49 - MT5_EA - INFO - Cycle complete. Sleeping for 30 seconds...
2025-06-19 10:07:08 - MT5_EA - INFO - EA stopped by user.
2025-06-19 10:07:08 - MT5_EA - INFO - Shutting down MT5 connection.
2025-06-19 10:07:08 - MT5_EA - INFO - Python Expert Advisor has been shut down.
2025-06-19 10:07:15 - MT5_EA - INFO - Starting Python Multi-Symbol/Multi-Strategy Expert Advisor
2025-06-19 10:07:15 - MT5_EA - INFO - Initializing MT5 connection...
2025-06-19 10:07:15 - MT5_EA - INFO - MT5 connection successful to account 93083332.
2025-06-19 10:07:15 - MT5_EA - INFO - Initializing strategies and risk managers for each symbol...
2025-06-19 10:07:15 - MT5_EA - ERROR - Could not get info for EUR_USD. It will be skipped.
2025-06-19 10:07:15 - MT5_EA - INFO - EA configured to trade symbols: []
2025-06-19 10:07:15 - MT5_EA - INFO - -------------------- New Trading Cycle --------------------
2025-06-19 10:07:15 - MT5_EA - INFO - Cycle complete. Sleeping for 30 seconds...
2025-06-19 10:07:45 - MT5_EA - INFO - -------------------- New Trading Cycle --------------------
2025-06-19 10:07:45 - MT5_EA - INFO - Cycle complete. Sleeping for 30 seconds...
2025-06-19 10:08:15 - MT5_EA - INFO - -------------------- New Trading Cycle --------------------
2025-06-19 10:08:15 - MT5_EA - INFO - Cycle complete. Sleeping for 30 seconds...
2025-06-19 10:08:41 - MT5_EA - INFO - EA stopped by user.
2025-06-19 10:08:41 - MT5_EA - INFO - Shutting down MT5 connection.
2025-06-19 10:08:41 - MT5_EA - INFO - Python Expert Advisor has been shut down.
2025-06-19 10:10:59 - MT5_EA - INFO - Starting Python Multi-Symbol/Multi-Strategy Expert Advisor
2025-06-19 10:10:59 - MT5_EA - INFO - Initializing MT5 connection...
2025-06-19 10:10:59 - MT5_EA - INFO - MT5 connection successful to account 93083332.
2025-06-19 10:10:59 - MT5_EA - INFO - Initializing strategies and risk managers for each symbol...
2025-06-19 10:10:59 - MT5_EA - ERROR - Could not get info for EUR_USD. It will be skipped.
2025-06-19 10:10:59 - MT5_EA - INFO - EA configured to trade symbols: []
2025-06-19 10:10:59 - MT5_EA - INFO - -------------------- New Trading Cycle --------------------
2025-06-19 10:10:59 - MT5_EA - INFO - Cycle complete. Sleeping for 30 seconds...
2025-06-19 10:11:29 - MT5_EA - INFO - -------------------- New Trading Cycle --------------------
2025-06-19 10:11:29 - MT5_EA - INFO - Cycle complete. Sleeping for 30 seconds...
2025-06-19 10:11:59 - MT5_EA - INFO - -------------------- New Trading Cycle --------------------
2025-06-19 10:11:59 - MT5_EA - INFO - Cycle complete. Sleeping for 30 seconds...
2025-06-19 10:12:23 - MT5_EA - INFO - EA stopped by user.
2025-06-19 10:12:23 - MT5_EA - INFO - Shutting down MT5 connection.
2025-06-19 10:12:23 - MT5_EA - INFO - Python Expert Advisor has been shut down.
2025-06-19 10:12:31 - MT5_EA - INFO - Starting Python Multi-Symbol/Multi-Strategy Expert Advisor
2025-06-19 10:12:31 - MT5_EA - INFO - Initializing MT5 connection...
2025-06-19 10:12:31 - MT5_EA - INFO - MT5 connection successful to account 93083332.
2025-06-19 10:12:31 - MT5_EA - INFO - Initializing strategies and risk managers for each symbol...
2025-06-19 10:12:31 - MT5_EA - INFO - Initialized EMARibbonScalper for EURUSD.
2025-06-19 10:12:31 - MT5_EA - INFO - EA configured to trade symbols: ['EURUSD']
2025-06-19 10:12:31 - MT5_EA - INFO - -------------------- New Trading Cycle --------------------
2025-06-19 10:12:31 - MT5_EA - INFO - --- Processing symbol: EURUSD ---
2025-06-19 10:12:31 - MT5_EA - INFO - Cycle complete. Sleeping for 30 seconds...
2025-06-19 10:13:01 - MT5_EA - INFO - -------------------- New Trading Cycle --------------------
2025-06-19 10:13:01 - MT5_EA - INFO - --- Processing symbol: EURUSD ---
2025-06-19 10:13:01 - MT5_EA - INFO - Cycle complete. Sleeping for 30 seconds...
2025-06-19 10:13:31 - MT5_EA - INFO - -------------------- New Trading Cycle --------------------
2025-06-19 10:13:31 - MT5_EA - INFO - --- Processing symbol: EURUSD ---
2025-06-19 10:13:31 - MT5_EA - INFO - Cycle complete. Sleeping for 30 seconds...
2025-06-19 10:14:01 - MT5_EA - INFO - -------------------- New Trading Cycle --------------------
2025-06-19 10:14:01 - MT5_EA - INFO - --- Processing symbol: EURUSD ---
2025-06-19 10:14:01 - MT5_EA - INFO - Cycle complete. Sleeping for 30 seconds...
2025-06-19 10:14:31 - MT5_EA - INFO - -------------------- New Trading Cycle --------------------
2025-06-19 10:14:31 - MT5_EA - INFO - --- Processing symbol: EURUSD ---
2025-06-19 10:14:31 - MT5_EA - INFO - Cycle complete. Sleeping for 30 seconds...
2025-06-19 10:15:01 - MT5_EA - INFO - -------------------- New Trading Cycle --------------------
2025-06-19 10:15:01 - MT5_EA - INFO - --- Processing symbol: EURUSD ---
2025-06-19 10:15:01 - MT5_EA - INFO - Cycle complete. Sleeping for 30 seconds...
2025-06-19 10:15:31 - MT5_EA - INFO - -------------------- New Trading Cycle --------------------
2025-06-19 10:15:31 - MT5_EA - INFO - --- Processing symbol: EURUSD ---
2025-06-19 10:15:31 - MT5_EA - INFO - Cycle complete. Sleeping for 30 seconds...
2025-06-19 10:16:01 - MT5_EA - INFO - -------------------- New Trading Cycle --------------------
2025-06-19 10:16:01 - MT5_EA - INFO - --- Processing symbol: EURUSD ---
2025-06-19 10:16:01 - MT5_EA - INFO - Cycle complete. Sleeping for 30 seconds...
2025-06-19 10:16:31 - MT5_EA - INFO - -------------------- New Trading Cycle --------------------
2025-06-19 10:16:31 - MT5_EA - INFO - --- Processing symbol: EURUSD ---
2025-06-19 10:16:31 - MT5_EA - INFO - Cycle complete. Sleeping for 30 seconds...
2025-06-19 10:17:01 - MT5_EA - INFO - -------------------- New Trading Cycle --------------------
2025-06-19 10:17:01 - MT5_EA - INFO - --- Processing symbol: EURUSD ---
2025-06-19 10:17:01 - MT5_EA - INFO - Cycle complete. Sleeping for 30 seconds...
2025-06-19 10:17:31 - MT5_EA - INFO - -------------------- New Trading Cycle --------------------
2025-06-19 10:17:31 - MT5_EA - INFO - --- Processing symbol: EURUSD ---
2025-06-19 10:17:32 - MT5_EA - INFO - Cycle complete. Sleeping for 30 seconds...
2025-06-19 10:18:02 - MT5_EA - INFO - -------------------- New Trading Cycle --------------------
2025-06-19 10:18:02 - MT5_EA - INFO - --- Processing symbol: EURUSD ---
2025-06-19 10:18:02 - MT5_EA - INFO - Cycle complete. Sleeping for 30 seconds...
2025-06-19 10:18:32 - MT5_EA - INFO - -------------------- New Trading Cycle --------------------
2025-06-19 10:18:32 - MT5_EA - INFO - --- Processing symbol: EURUSD ---
2025-06-19 10:18:32 - MT5_EA - INFO - Cycle complete. Sleeping for 30 seconds...
2025-06-19 10:19:02 - MT5_EA - INFO - -------------------- New Trading Cycle --------------------
2025-06-19 10:19:02 - MT5_EA - INFO - --- Processing symbol: EURUSD ---
2025-06-19 10:19:02 - MT5_EA - INFO - Cycle complete. Sleeping for 30 seconds...
2025-06-19 10:19:32 - MT5_EA - INFO - -------------------- New Trading Cycle --------------------
2025-06-19 10:19:32 - MT5_EA - INFO - --- Processing symbol: EURUSD ---
2025-06-19 10:19:32 - MT5_EA - INFO - Cycle complete. Sleeping for 30 seconds...
2025-06-19 10:20:02 - MT5_EA - INFO - -------------------- New Trading Cycle --------------------
2025-06-19 10:20:02 - MT5_EA - INFO - --- Processing symbol: EURUSD ---
2025-06-19 10:20:02 - MT5_EA - INFO - Cycle complete. Sleeping for 30 seconds...
2025-06-19 10:20:32 - MT5_EA - INFO - -------------------- New Trading Cycle --------------------
2025-06-19 10:20:32 - MT5_EA - INFO - --- Processing symbol: EURUSD ---
2025-06-19 10:20:32 - MT5_EA - INFO - Cycle complete. Sleeping for 30 seconds...
2025-06-19 10:21:02 - MT5_EA - INFO - -------------------- New Trading Cycle --------------------
2025-06-19 10:21:02 - MT5_EA - INFO - --- Processing symbol: EURUSD ---
2025-06-19 10:21:02 - MT5_EA - INFO - Cycle complete. Sleeping for 30 seconds...
2025-06-19 10:21:32 - MT5_EA - INFO - -------------------- New Trading Cycle --------------------
2025-06-19 10:21:32 - MT5_EA - INFO - --- Processing symbol: EURUSD ---
2025-06-19 10:21:32 - MT5_EA - INFO - Cycle complete. Sleeping for 30 seconds...
2025-06-19 10:22:02 - MT5_EA - INFO - -------------------- New Trading Cycle --------------------
2025-06-19 10:22:02 - MT5_EA - INFO - --- Processing symbol: EURUSD ---
2025-06-19 10:22:02 - MT5_EA - INFO - Cycle complete. Sleeping for 30 seconds...
2025-06-19 10:22:32 - MT5_EA - INFO - -------------------- New Trading Cycle --------------------
2025-06-19 10:22:32 - MT5_EA - INFO - --- Processing symbol: EURUSD ---
2025-06-19 10:22:32 - MT5_EA - INFO - Cycle complete. Sleeping for 30 seconds...
2025-06-19 10:23:02 - MT5_EA - INFO - -------------------- New Trading Cycle --------------------
2025-06-19 10:23:02 - MT5_EA - INFO - --- Processing symbol: EURUSD ---
2025-06-19 10:23:02 - MT5_EA - INFO - Cycle complete. Sleeping for 30 seconds...
2025-06-19 10:23:32 - MT5_EA - INFO - -------------------- New Trading Cycle --------------------
2025-06-19 10:23:32 - MT5_EA - INFO - --- Processing symbol: EURUSD ---
2025-06-19 10:23:32 - MT5_EA - INFO - Cycle complete. Sleeping for 30 seconds...
2025-06-19 10:24:02 - MT5_EA - INFO - -------------------- New Trading Cycle --------------------
2025-06-19 10:24:02 - MT5_EA - INFO - --- Processing symbol: EURUSD ---
2025-06-19 10:24:02 - MT5_EA - INFO - Cycle complete. Sleeping for 30 seconds...
2025-06-19 10:24:32 - MT5_EA - INFO - -------------------- New Trading Cycle --------------------
2025-06-19 10:24:32 - MT5_EA - INFO - --- Processing symbol: EURUSD ---
2025-06-19 10:24:32 - MT5_EA - INFO - Cycle complete. Sleeping for 30 seconds...
2025-06-19 10:25:02 - MT5_EA - INFO - -------------------- New Trading Cycle --------------------
2025-06-19 10:25:02 - MT5_EA - INFO - --- Processing symbol: EURUSD ---
2025-06-19 10:25:02 - MT5_EA - INFO - Cycle complete. Sleeping for 30 seconds...
2025-06-19 10:25:32 - MT5_EA - INFO - -------------------- New Trading Cycle --------------------
2025-06-19 10:25:32 - MT5_EA - INFO - --- Processing symbol: EURUSD ---
2025-06-19 10:25:32 - MT5_EA - INFO - Cycle complete. Sleeping for 30 seconds...
2025-06-19 10:26:02 - MT5_EA - INFO - -------------------- New Trading Cycle --------------------
2025-06-19 10:26:02 - MT5_EA - INFO - --- Processing symbol: EURUSD ---
2025-06-19 10:26:02 - MT5_EA - INFO - Cycle complete. Sleeping for 30 seconds...
2025-06-19 10:26:32 - MT5_EA - INFO - -------------------- New Trading Cycle --------------------
2025-06-19 10:26:32 - MT5_EA - INFO - --- Processing symbol: EURUSD ---
2025-06-19 10:26:32 - MT5_EA - INFO - Cycle complete. Sleeping for 30 seconds...
2025-06-19 10:27:02 - MT5_EA - INFO - -------------------- New Trading Cycle --------------------
2025-06-19 10:27:02 - MT5_EA - INFO - --- Processing symbol: EURUSD ---
2025-06-19 10:27:02 - MT5_EA - INFO - Cycle complete. Sleeping for 30 seconds...
2025-06-19 10:27:32 - MT5_EA - INFO - -------------------- New Trading Cycle --------------------
2025-06-19 10:27:32 - MT5_EA - INFO - --- Processing symbol: EURUSD ---
2025-06-19 10:27:32 - MT5_EA - INFO - Cycle complete. Sleeping for 30 seconds...
2025-06-19 10:28:02 - MT5_EA - INFO - -------------------- New Trading Cycle --------------------
2025-06-19 10:28:02 - MT5_EA - INFO - --- Processing symbol: EURUSD ---
2025-06-19 10:28:02 - MT5_EA - INFO - Cycle complete. Sleeping for 30 seconds...
2025-06-19 10:28:32 - MT5_EA - INFO - -------------------- New Trading Cycle --------------------
2025-06-19 10:28:32 - MT5_EA - INFO - --- Processing symbol: EURUSD ---
2025-06-19 10:28:32 - MT5_EA - INFO - Cycle complete. Sleeping for 30 seconds...
2025-06-19 10:29:02 - MT5_EA - INFO - -------------------- New Trading Cycle --------------------
2025-06-19 10:29:02 - MT5_EA - INFO - --- Processing symbol: EURUSD ---
2025-06-19 10:29:02 - MT5_EA - INFO - Cycle complete. Sleeping for 30 seconds...
2025-06-19 10:29:32 - MT5_EA - INFO - -------------------- New Trading Cycle --------------------
2025-06-19 10:29:32 - MT5_EA - INFO - --- Processing symbol: EURUSD ---
2025-06-19 10:29:32 - MT5_EA - INFO - Cycle complete. Sleeping for 30 seconds...
2025-06-19 10:30:02 - MT5_EA - INFO - -------------------- New Trading Cycle --------------------
2025-06-19 10:30:02 - MT5_EA - INFO - --- Processing symbol: EURUSD ---
2025-06-19 10:30:02 - MT5_EA - INFO - Cycle complete. Sleeping for 30 seconds...
2025-06-19 10:30:32 - MT5_EA - INFO - -------------------- New Trading Cycle --------------------
2025-06-19 10:30:32 - MT5_EA - INFO - --- Processing symbol: EURUSD ---
2025-06-19 10:30:32 - MT5_EA - INFO - Cycle complete. Sleeping for 30 seconds...
2025-06-19 10:31:02 - MT5_EA - INFO - -------------------- New Trading Cycle --------------------
2025-06-19 10:31:02 - MT5_EA - INFO - --- Processing symbol: EURUSD ---
2025-06-19 10:31:02 - MT5_EA - INFO - Cycle complete. Sleeping for 30 seconds...
2025-06-19 10:31:32 - MT5_EA - INFO - -------------------- New Trading Cycle --------------------
2025-06-19 10:31:32 - MT5_EA - INFO - --- Processing symbol: EURUSD ---
2025-06-19 10:31:32 - MT5_EA - INFO - Cycle complete. Sleeping for 30 seconds...
2025-06-19 10:32:02 - MT5_EA - INFO - -------------------- New Trading Cycle --------------------
2025-06-19 10:32:02 - MT5_EA - INFO - --- Processing symbol: EURUSD ---
2025-06-19 10:32:02 - MT5_EA - INFO - Cycle complete. Sleeping for 30 seconds...
2025-06-19 10:32:32 - MT5_EA - INFO - -------------------- New Trading Cycle --------------------
2025-06-19 10:32:32 - MT5_EA - INFO - --- Processing symbol: EURUSD ---
2025-06-19 10:32:32 - MT5_EA - INFO - Cycle complete. Sleeping for 30 seconds...
2025-06-19 10:33:02 - MT5_EA - INFO - -------------------- New Trading Cycle --------------------
2025-06-19 10:33:02 - MT5_EA - INFO - --- Processing symbol: EURUSD ---
2025-06-19 10:33:02 - MT5_EA - INFO - Cycle complete. Sleeping for 30 seconds...
2025-06-19 10:33:32 - MT5_EA - INFO - -------------------- New Trading Cycle --------------------
2025-06-19 10:33:32 - MT5_EA - INFO - --- Processing symbol: EURUSD ---
2025-06-19 10:33:32 - MT5_EA - INFO - Cycle complete. Sleeping for 30 seconds...
2025-06-19 10:34:02 - MT5_EA - INFO - -------------------- New Trading Cycle --------------------
2025-06-19 10:34:02 - MT5_EA - INFO - --- Processing symbol: EURUSD ---
2025-06-19 10:34:02 - MT5_EA - INFO - Cycle complete. Sleeping for 30 seconds...
2025-06-19 10:34:32 - MT5_EA - INFO - -------------------- New Trading Cycle --------------------
2025-06-19 10:34:32 - MT5_EA - INFO - --- Processing symbol: EURUSD ---
2025-06-19 10:34:32 - MT5_EA - INFO - Cycle complete. Sleeping for 30 seconds...
2025-06-19 10:35:02 - MT5_EA - INFO - -------------------- New Trading Cycle --------------------
2025-06-19 10:35:02 - MT5_EA - INFO - --- Processing symbol: EURUSD ---
2025-06-19 10:35:02 - MT5_EA - INFO - Cycle complete. Sleeping for 30 seconds...
2025-06-19 10:35:32 - MT5_EA - INFO - -------------------- New Trading Cycle --------------------
2025-06-19 10:35:32 - MT5_EA - INFO - --- Processing symbol: EURUSD ---
2025-06-19 10:35:32 - MT5_EA - INFO - Cycle complete. Sleeping for 30 seconds...
2025-06-19 10:35:55 - MT5_EA - INFO - EA stopped by user.
2025-06-19 10:35:55 - MT5_EA - INFO - Shutting down MT5 connection.
2025-06-19 10:35:55 - MT5_EA - INFO - Python Expert Advisor has been shut down.
2025-06-19 10:36:04 - MT5_EA - INFO - Starting Python Multi-Symbol/Multi-Strategy Expert Advisor
2025-06-19 10:36:04 - MT5_EA - INFO - Initializing MT5 connection...
2025-06-19 10:36:04 - MT5_EA - INFO - MT5 connection successful to account 93083332.
2025-06-19 10:36:04 - MT5_EA - INFO - Initializing strategies and risk managers for each symbol...
2025-06-19 10:36:04 - MT5_EA - INFO - Initialized EMARibbonScalper for EURUSD.
2025-06-19 10:36:04 - MT5_EA - INFO - Initialized EMARibbonScalper for USDJPY.
2025-06-19 10:36:04 - MT5_EA - INFO - Initialized EMARibbonScalper for AUDCAD.
2025-06-19 10:36:04 - MT5_EA - INFO - Initialized EMARibbonScalper for EURGBP.
2025-06-19 10:36:04 - MT5_EA - INFO - Initialized EMARibbonScalper for NZDJPY.
2025-06-19 10:36:04 - MT5_EA - INFO - EA configured to trade symbols: ['EURUSD', 'USDJPY', 'AUDCAD', 'EURGBP', 'NZDJPY']
2025-06-19 10:36:04 - MT5_EA - INFO - -------------------- New Trading Cycle --------------------
2025-06-19 10:36:04 - MT5_EA - INFO - --- Processing symbol: EURUSD ---
2025-06-19 10:36:04 - MT5_EA - INFO - --- Processing symbol: USDJPY ---
2025-06-19 10:36:04 - MT5_EA - INFO - --- Processing symbol: AUDCAD ---
2025-06-19 10:36:04 - MT5_EA - INFO - --- Processing symbol: EURGBP ---
2025-06-19 10:36:04 - MT5_EA - INFO - --- Processing symbol: NZDJPY ---
2025-06-19 10:36:05 - MT5_EA - INFO - Cycle complete. Sleeping for 30 seconds...
2025-06-19 10:36:35 - MT5_EA - INFO - -------------------- New Trading Cycle --------------------
2025-06-19 10:36:35 - MT5_EA - INFO - --- Processing symbol: EURUSD ---
2025-06-19 10:36:35 - MT5_EA - INFO - --- Processing symbol: USDJPY ---
2025-06-19 10:36:35 - MT5_EA - INFO - --- Processing symbol: AUDCAD ---
2025-06-19 10:36:35 - MT5_EA - INFO - --- Processing symbol: EURGBP ---
2025-06-19 10:36:35 - MT5_EA - INFO - --- Processing symbol: NZDJPY ---
2025-06-19 10:36:35 - MT5_EA - INFO - Cycle complete. Sleeping for 30 seconds...
2025-06-19 10:37:05 - MT5_EA - INFO - -------------------- New Trading Cycle --------------------
2025-06-19 10:37:05 - MT5_EA - INFO - --- Processing symbol: EURUSD ---
2025-06-19 10:37:05 - MT5_EA - INFO - --- Processing symbol: USDJPY ---
2025-06-19 10:37:05 - MT5_EA - INFO - --- Processing symbol: AUDCAD ---
2025-06-19 10:37:05 - MT5_EA - INFO - --- Processing symbol: EURGBP ---
2025-06-19 10:37:05 - MT5_EA - INFO - --- Processing symbol: NZDJPY ---
2025-06-19 10:37:05 - MT5_EA - INFO - Cycle complete. Sleeping for 30 seconds...
2025-06-19 10:37:35 - MT5_EA - INFO - -------------------- New Trading Cycle --------------------
2025-06-19 10:37:35 - MT5_EA - INFO - --- Processing symbol: EURUSD ---
2025-06-19 10:37:35 - MT5_EA - INFO - --- Processing symbol: USDJPY ---
2025-06-19 10:37:35 - MT5_EA - INFO - --- Processing symbol: AUDCAD ---
2025-06-19 10:37:35 - MT5_EA - INFO - --- Processing symbol: EURGBP ---
2025-06-19 10:37:35 - MT5_EA - INFO - --- Processing symbol: NZDJPY ---
2025-06-19 10:37:35 - MT5_EA - INFO - Cycle complete. Sleeping for 30 seconds...
2025-06-19 10:37:53 - MT5_EA - INFO - EA stopped by user.
2025-06-19 10:37:53 - MT5_EA - INFO - Shutting down MT5 connection.
2025-06-19 10:37:53 - MT5_EA - INFO - Python Expert Advisor has been shut down.
2025-06-19 10:37:59 - MT5_EA - INFO - Starting Python Multi-Symbol/Multi-Strategy Expert Advisor
2025-06-19 10:37:59 - MT5_EA - INFO - Initializing MT5 connection...
2025-06-19 10:37:59 - MT5_EA - INFO - MT5 connection successful to account 93083332.
2025-06-19 10:37:59 - MT5_EA - INFO - Initializing strategies and risk managers for each symbol...
2025-06-19 10:37:59 - MT5_EA - INFO - Initialized EMARibbonScalper for EURUSD.
2025-06-19 10:37:59 - MT5_EA - INFO - EA configured to trade symbols: ['EURUSD']
2025-06-19 10:37:59 - MT5_EA - INFO - -------------------- New Trading Cycle --------------------
2025-06-19 10:37:59 - MT5_EA - INFO - --- Processing symbol: EURUSD ---
2025-06-19 10:37:59 - MT5_EA - INFO - Cycle complete. Sleeping for 30 seconds...
2025-06-19 10:38:29 - MT5_EA - INFO - -------------------- New Trading Cycle --------------------
2025-06-19 10:38:29 - MT5_EA - INFO - --- Processing symbol: EURUSD ---
2025-06-19 10:38:29 - MT5_EA - INFO - Cycle complete. Sleeping for 30 seconds...
2025-06-19 10:38:33 - MT5_EA - INFO - EA stopped by user.
2025-06-19 10:38:33 - MT5_EA - INFO - Shutting down MT5 connection.
2025-06-19 10:38:33 - MT5_EA - INFO - Python Expert Advisor has been shut down.
